<?xml version="1.0" encoding="UTF-8"?>
<Site BuildName="Linux-c++"
	BuildStamp="20250122-2130-Experimental"
	Name="rillo-HP-EliteBook-845-G8-Notebook-PC"
	Generator="ctest-3.22.1"
	CompilerName="/usr/bin/c++"
	CompilerVersion="11.4.0"
	OSName="Linux"
	Hostname="rillo-HP-EliteBook-845-G8-Notebook-PC"
	OSRelease="6.2.0-060200-generic"
	OSVersion="#202302191831 SMP PREEMPT_DYNAMIC Sun Feb 19 23:37:22 UTC 2023"
	OSPlatform="x86_64"
	Is64Bits="1"
	VendorString="AuthenticAMD"
	VendorID="Advanced Micro Devices"
	FamilyID="25"
	ModelID="80"
	ProcessorCacheSize="512"
	NumberOfLogicalCPU="16"
	NumberOfPhysicalCPU="8"
	TotalVirtualMemory="2047"
	TotalPhysicalMemory="63612"
	LogicalProcessorsPerPhysical="2"
	ProcessorClockFrequency="4067.03"
	>
	<Testing>
		<StartDateTime>Jan 22 22:30 WAT</StartDateTime>
		<StartTestTime>1737581417</StartTestTime>
		<TestList/>
		<EndDateTime>Jan 22 22:30 WAT</EndDateTime>
		<EndTestTime>1737581417</EndTestTime>
		<ElapsedMinutes>0</ElapsedMinutes>
	</Testing>
</Site>
